2026-06-18 17:48:20.223 GMT [1] LOG:  starting PostgreSQL 15.18 (Debian 15.18-1.pgdg13+1) on x86_64-pc-linux-gnu, compiled by gcc (Debian 14.2.0-19) 14.2.0, 64-bit
2026-06-18 17:48:20.224 GMT [1] LOG:  listening on IPv4 address "0.0.0.0", port 5432
2026-06-18 17:48:20.224 GMT [1] LOG:  listening on IPv6 address "::", port 5432
2026-06-18 17:48:20.232 GMT [1] LOG:  listening on Unix socket "/var/run/postgresql/.s.PGSQL.5432"
2026-06-18 17:48:20.241 GMT [69] LOG:  database system was shut down at 2026-06-18 17:48:20 GMT
2026-06-18 17:48:20.248 GMT [1] LOG:  database system is ready to accept connections
2026-06-18 17:48:36.956 GMT [92] LOG:  received replication command: CREATE_REPLICATION_SLOT "debezium_slot"  LOGICAL pgoutput
2026-06-18 17:48:36.956 GMT [92] STATEMENT:  CREATE_REPLICATION_SLOT "debezium_slot"  LOGICAL pgoutput
2026-06-18 17:48:36.974 GMT [92] LOG:  logical decoding found consistent point at 0/19A4540
2026-06-18 17:48:36.974 GMT [92] DETAIL:  There are no running transactions.
2026-06-18 17:48:36.974 GMT [92] STATEMENT:  CREATE_REPLICATION_SLOT "debezium_slot"  LOGICAL pgoutput
2026-06-18 17:48:36.974 GMT [92] LOG:  exported logical decoding snapshot: "00000005-00000003-1" with 0 transaction IDs
2026-06-18 17:48:36.974 GMT [92] STATEMENT:  CREATE_REPLICATION_SLOT "debezium_slot"  LOGICAL pgoutput
2026-06-18 17:48:37.088 GMT [90] LOG:  execute <unnamed>: ALTER TABLE ecommerce.customers REPLICA IDENTITY FULL
2026-06-18 17:48:37.091 GMT [90] LOG:  execute <unnamed>: ALTER TABLE ecommerce.debezium_signals REPLICA IDENTITY FULL
2026-06-18 17:48:37.094 GMT [90] LOG:  execute <unnamed>: ALTER TABLE ecommerce.inventory REPLICA IDENTITY FULL
2026-06-18 17:48:37.097 GMT [90] LOG:  execute <unnamed>: ALTER TABLE ecommerce.order_items REPLICA IDENTITY FULL
2026-06-18 17:48:37.099 GMT [90] LOG:  execute <unnamed>: ALTER TABLE ecommerce.orders REPLICA IDENTITY FULL
2026-06-18 17:48:37.102 GMT [90] LOG:  execute <unnamed>: ALTER TABLE ecommerce.products REPLICA IDENTITY FULL
2026-06-18 17:48:37.118 GMT [92] LOG:  received replication command: IDENTIFY_SYSTEM
2026-06-18 17:48:37.118 GMT [92] STATEMENT:  IDENTIFY_SYSTEM
2026-06-18 17:48:37.121 GMT [92] LOG:  received replication command: START_REPLICATION SLOT "debezium_slot" LOGICAL 0/1E3C3F0 ("proto_version" '1', "publication_names" 'cdc_publication', "messages" 'true')
2026-06-18 17:48:37.121 GMT [92] STATEMENT:  START_REPLICATION SLOT "debezium_slot" LOGICAL 0/1E3C3F0 ("proto_version" '1', "publication_names" 'cdc_publication', "messages" 'true')
2026-06-18 17:48:37.121 GMT [92] LOG:  starting logical decoding for slot "debezium_slot"
2026-06-18 17:48:37.121 GMT [92] DETAIL:  Streaming transactions committing after 0/19A4578, reading WAL from 0/19A4540.
2026-06-18 17:48:37.121 GMT [92] STATEMENT:  START_REPLICATION SLOT "debezium_slot" LOGICAL 0/1E3C3F0 ("proto_version" '1', "publication_names" 'cdc_publication', "messages" 'true')
2026-06-18 17:48:37.122 GMT [92] LOG:  logical decoding found consistent point at 0/19A4540
2026-06-18 17:48:37.122 GMT [92] DETAIL:  There are no running transactions.
2026-06-18 17:48:37.122 GMT [92] STATEMENT:  START_REPLICATION SLOT "debezium_slot" LOGICAL 0/1E3C3F0 ("proto_version" '1', "publication_names" 'cdc_publication', "messages" 'true')
2026-06-18 17:48:52.697 GMT [104] LOG:  invalid length of startup packet
2026-06-18 17:48:54.726 GMT [113] LOG:  invalid length of startup packet
2026-06-18 17:50:24.131 GMT [183] LOG:  invalid length of startup packet
2026-06-18 17:50:57.942 GMT [1] LOG:  received fast shutdown request
2026-06-18 17:50:57.945 GMT [1] LOG:  aborting any active transactions
2026-06-18 17:50:57.946 GMT [1] LOG:  background worker "logical replication launcher" (PID 72) exited with exit code 1
2026-06-18 17:50:57.947 GMT [67] LOG:  shutting down
2026-06-18 17:50:57.951 GMT [67] LOG:  checkpoint starting: shutdown immediate
2026-06-18 17:50:57.986 GMT [67] LOG:  checkpoint complete: wrote 91 buffers (0.3%); 0 WAL file(s) added, 0 removed, 0 recycled; write=0.008 s, sync=0.013 s, total=0.039 s; sync files=30, longest=0.004 s, average=0.001 s; distance=442 kB, estimate=442 kB
2026-06-18 17:50:57.992 GMT [1] LOG:  database system is shut down
